Copyright 1986-2022 Xilinx, Inc. All Rights Reserved. Copyright 2022-2024 Advanced Micro Devices, Inc. All Rights Reserved.
--------------------------------------------------------------------------------------------------------------------------------------------------------------------------------
| Tool Version : Vivado v.2024.1.1 (win64) Build 5094488 Fri Jun 14 08:59:21 MDT 2024
| Date         : Mon Dec 16 02:19:26 2024
| Host         : Zaddle-00PCIR running 64-bit major release  (build 9200)
| Command      : report_timing_summary -max_paths 10 -file top_timing_summary_routed.rpt -pb top_timing_summary_routed.pb -rpx top_timing_summary_routed.rpx -warn_on_violation
| Design       : top
| Device       : 7a35t-csg324
| Speed File   : -1  PRODUCTION 1.23 2018-06-13
| Design State : Routed
--------------------------------------------------------------------------------------------------------------------------------------------------------------------------------

Timing Summary Report

------------------------------------------------------------------------------------------------
| Timer Settings
| --------------
------------------------------------------------------------------------------------------------

  Enable Multi Corner Analysis               :  Yes
  Enable Pessimism Removal                   :  Yes
  Pessimism Removal Resolution               :  Nearest Common Node
  Enable Input Delay Default Clock           :  No
  Enable Preset / Clear Arcs                 :  No
  Disable Flight Delays                      :  No
  Ignore I/O Paths                           :  No
  Timing Early Launch at Borrowing Latches   :  No
  Borrow Time for Max Delay Exceptions       :  Yes
  Merge Timing Exceptions                    :  Yes
  Inter-SLR Compensation                     :  Conservative

  Corner  Analyze    Analyze    
  Name    Max Paths  Min Paths  
  ------  ---------  ---------  
  Slow    Yes        Yes        
  Fast    Yes        Yes        


------------------------------------------------------------------------------------------------
| Report Methodology
| ------------------
------------------------------------------------------------------------------------------------

Rule       Severity          Description                     Violations  
---------  ----------------  ------------------------------  ----------  
TIMING-17  Critical Warning  Non-clocked sequential cell     835         
TIMING-20  Warning           Non-clocked latch               24          
LATCH-1    Advisory          Existing latches in the design  1           

Note: This report is based on the most recent report_methodology run and may not be up-to-date. Run report_methodology on the current design for the latest report.



check_timing report

Table of Contents
-----------------
1. checking no_clock (1263)
2. checking constant_clock (0)
3. checking pulse_width_clock (0)
4. checking unconstrained_internal_endpoints (2073)
5. checking no_input_delay (3)
6. checking no_output_delay (32)
7. checking multiple_clock (0)
8. checking generated_clocks (0)
9. checking loops (0)
10. checking partial_input_delay (0)
11. checking partial_output_delay (0)
12. checking latch_loops (0)

1. checking no_clock (1263)
---------------------------
 There are 809 register/latch pins with no clock driven by root clock pin: clk (HIGH)

 There are 26 register/latch pins with no clock driven by root clock pin: display_handle/freq_div_inst/clk_div_reg/Q (HIGH)

 There are 4 register/latch pins with no clock driven by root clock pin: main/check_time_reg[0]/Q (HIGH)

 There are 4 register/latch pins with no clock driven by root clock pin: main/check_time_reg[10]/Q (HIGH)

 There are 4 register/latch pins with no clock driven by root clock pin: main/check_time_reg[11]/Q (HIGH)

 There are 4 register/latch pins with no clock driven by root clock pin: main/check_time_reg[12]/Q (HIGH)

 There are 4 register/latch pins with no clock driven by root clock pin: main/check_time_reg[13]/Q (HIGH)

 There are 4 register/latch pins with no clock driven by root clock pin: main/check_time_reg[14]/Q (HIGH)

 There are 4 register/latch pins with no clock driven by root clock pin: main/check_time_reg[15]/Q (HIGH)

 There are 4 register/latch pins with no clock driven by root clock pin: main/check_time_reg[16]/Q (HIGH)

 There are 4 register/latch pins with no clock driven by root clock pin: main/check_time_reg[17]/Q (HIGH)

 There are 4 register/latch pins with no clock driven by root clock pin: main/check_time_reg[18]/Q (HIGH)

 There are 4 register/latch pins with no clock driven by root clock pin: main/check_time_reg[19]/Q (HIGH)

 There are 4 register/latch pins with no clock driven by root clock pin: main/check_time_reg[1]/Q (HIGH)

 There are 4 register/latch pins with no clock driven by root clock pin: main/check_time_reg[20]/Q (HIGH)

 There are 4 register/latch pins with no clock driven by root clock pin: main/check_time_reg[21]/Q (HIGH)

 There are 4 register/latch pins with no clock driven by root clock pin: main/check_time_reg[22]/Q (HIGH)

 There are 4 register/latch pins with no clock driven by root clock pin: main/check_time_reg[23]/Q (HIGH)

 There are 4 register/latch pins with no clock driven by root clock pin: main/check_time_reg[24]/Q (HIGH)

 There are 4 register/latch pins with no clock driven by root clock pin: main/check_time_reg[25]/Q (HIGH)

 There are 4 register/latch pins with no clock driven by root clock pin: main/check_time_reg[26]/Q (HIGH)

 There are 4 register/latch pins with no clock driven by root clock pin: main/check_time_reg[27]/Q (HIGH)

 There are 4 register/latch pins with no clock driven by root clock pin: main/check_time_reg[28]/Q (HIGH)

 There are 4 register/latch pins with no clock driven by root clock pin: main/check_time_reg[29]/Q (HIGH)

 There are 4 register/latch pins with no clock driven by root clock pin: main/check_time_reg[2]/Q (HIGH)

 There are 4 register/latch pins with no clock driven by root clock pin: main/check_time_reg[3]/Q (HIGH)

 There are 4 register/latch pins with no clock driven by root clock pin: main/check_time_reg[4]/Q (HIGH)

 There are 4 register/latch pins with no clock driven by root clock pin: main/check_time_reg[5]/Q (HIGH)

 There are 4 register/latch pins with no clock driven by root clock pin: main/check_time_reg[6]/Q (HIGH)

 There are 4 register/latch pins with no clock driven by root clock pin: main/check_time_reg[7]/Q (HIGH)

 There are 4 register/latch pins with no clock driven by root clock pin: main/check_time_reg[8]/Q (HIGH)

 There are 4 register/latch pins with no clock driven by root clock pin: main/check_time_reg[9]/Q (HIGH)

 There are 4 register/latch pins with no clock driven by root clock pin: main/cur_status_reg[0]/Q (HIGH)

 There are 4 register/latch pins with no clock driven by root clock pin: main/cur_status_reg[1]/Q (HIGH)

 There are 4 register/latch pins with no clock driven by root clock pin: main/cur_status_reg[2]/Q (HIGH)

 There are 4 register/latch pins with no clock driven by root clock pin: main/cur_status_reg[3]/Q (HIGH)

 There are 4 register/latch pins with no clock driven by root clock pin: main/timer_reg[0]/Q (HIGH)

 There are 4 register/latch pins with no clock driven by root clock pin: main/timer_reg[10]/Q (HIGH)

 There are 4 register/latch pins with no clock driven by root clock pin: main/timer_reg[11]/Q (HIGH)

 There are 4 register/latch pins with no clock driven by root clock pin: main/timer_reg[12]/Q (HIGH)

 There are 4 register/latch pins with no clock driven by root clock pin: main/timer_reg[13]/Q (HIGH)

 There are 4 register/latch pins with no clock driven by root clock pin: main/timer_reg[14]/Q (HIGH)

 There are 4 register/latch pins with no clock driven by root clock pin: main/timer_reg[15]/Q (HIGH)

 There are 4 register/latch pins with no clock driven by root clock pin: main/timer_reg[16]/Q (HIGH)

 There are 4 register/latch pins with no clock driven by root clock pin: main/timer_reg[17]/Q (HIGH)

 There are 4 register/latch pins with no clock driven by root clock pin: main/timer_reg[18]/Q (HIGH)

 There are 4 register/latch pins with no clock driven by root clock pin: main/timer_reg[19]/Q (HIGH)

 There are 4 register/latch pins with no clock driven by root clock pin: main/timer_reg[1]/Q (HIGH)

 There are 4 register/latch pins with no clock driven by root clock pin: main/timer_reg[20]/Q (HIGH)

 There are 4 register/latch pins with no clock driven by root clock pin: main/timer_reg[21]/Q (HIGH)

 There are 4 register/latch pins with no clock driven by root clock pin: main/timer_reg[22]/Q (HIGH)

 There are 4 register/latch pins with no clock driven by root clock pin: main/timer_reg[23]/Q (HIGH)

 There are 4 register/latch pins with no clock driven by root clock pin: main/timer_reg[24]/Q (HIGH)

 There are 4 register/latch pins with no clock driven by root clock pin: main/timer_reg[25]/Q (HIGH)

 There are 4 register/latch pins with no clock driven by root clock pin: main/timer_reg[26]/Q (HIGH)

 There are 4 register/latch pins with no clock driven by root clock pin: main/timer_reg[27]/Q (HIGH)

 There are 4 register/latch pins with no clock driven by root clock pin: main/timer_reg[28]/Q (HIGH)

 There are 4 register/latch pins with no clock driven by root clock pin: main/timer_reg[29]/Q (HIGH)

 There are 4 register/latch pins with no clock driven by root clock pin: main/timer_reg[2]/Q (HIGH)

 There are 4 register/latch pins with no clock driven by root clock pin: main/timer_reg[30]/Q (HIGH)

 There are 4 register/latch pins with no clock driven by root clock pin: main/timer_reg[31]/Q (HIGH)

 There are 4 register/latch pins with no clock driven by root clock pin: main/timer_reg[3]/Q (HIGH)

 There are 4 register/latch pins with no clock driven by root clock pin: main/timer_reg[4]/Q (HIGH)

 There are 4 register/latch pins with no clock driven by root clock pin: main/timer_reg[5]/Q (HIGH)

 There are 4 register/latch pins with no clock driven by root clock pin: main/timer_reg[6]/Q (HIGH)

 There are 4 register/latch pins with no clock driven by root clock pin: main/timer_reg[7]/Q (HIGH)

 There are 4 register/latch pins with no clock driven by root clock pin: main/timer_reg[8]/Q (HIGH)

 There are 4 register/latch pins with no clock driven by root clock pin: main/timer_reg[9]/Q (HIGH)

 There are 4 register/latch pins with no clock driven by root clock pin: power_on_toggle/rise_reg/Q (HIGH)

 There are 20 register/latch pins with no clock driven by root clock pin: translator/ps2_reader_inst/data_reg_reg[0]/Q (HIGH)

 There are 20 register/latch pins with no clock driven by root clock pin: translator/ps2_reader_inst/data_reg_reg[1]/Q (HIGH)

 There are 20 register/latch pins with no clock driven by root clock pin: translator/ps2_reader_inst/data_reg_reg[2]/Q (HIGH)

 There are 20 register/latch pins with no clock driven by root clock pin: translator/ps2_reader_inst/data_reg_reg[3]/Q (HIGH)

 There are 20 register/latch pins with no clock driven by root clock pin: translator/ps2_reader_inst/data_reg_reg[4]/Q (HIGH)

 There are 20 register/latch pins with no clock driven by root clock pin: translator/ps2_reader_inst/data_reg_reg[5]/Q (HIGH)

 There are 20 register/latch pins with no clock driven by root clock pin: translator/ps2_reader_inst/data_reg_reg[6]/Q (HIGH)

 There are 20 register/latch pins with no clock driven by root clock pin: translator/ps2_reader_inst/data_reg_reg[7]/Q (HIGH)


2. checking constant_clock (0)
------------------------------
 There are 0 register/latch pins with constant_clock.


3. checking pulse_width_clock (0)
---------------------------------
 There are 0 register/latch pins which need pulse_width check


4. checking unconstrained_internal_endpoints (2073)
---------------------------------------------------
 There are 2073 pins that are not constrained for maximum delay. (HIGH)

 There are 0 pins that are not constrained for maximum delay due to constant clock.


5. checking no_input_delay (3)
------------------------------
 There are 3 input ports with no input delay specified. (HIGH)

 There are 0 input ports with no input delay but user has a false path constraint.


6. checking no_output_delay (32)
--------------------------------
 There are 32 ports with no output delay specified. (HIGH)

 There are 0 ports with no output delay but user has a false path constraint

 There are 0 ports with no output delay but with a timing clock defined on it or propagating through it


7. checking multiple_clock (0)
------------------------------
 There are 0 register/latch pins with multiple clocks.


8. checking generated_clocks (0)
--------------------------------
 There are 0 generated clocks that are not connected to a clock source.


9. checking loops (0)
---------------------
 There are 0 combinational loops in the design.


10. checking partial_input_delay (0)
------------------------------------
 There are 0 input ports with partial input delay specified.


11. checking partial_output_delay (0)
-------------------------------------
 There are 0 ports with partial output delay specified.


12. checking latch_loops (0)
----------------------------
 There are 0 combinational latch loops in the design through latch input



------------------------------------------------------------------------------------------------
| Design Timing Summary
| ---------------------
------------------------------------------------------------------------------------------------

    WNS(ns)      TNS(ns)  TNS Failing Endpoints  TNS Total Endpoints      WHS(ns)      THS(ns)  THS Failing Endpoints  THS Total Endpoints     WPWS(ns)     TPWS(ns)  TPWS Failing Endpoints  TPWS Total Endpoints  
    -------      -------  ---------------------  -------------------      -------      -------  ---------------------  -------------------     --------     --------  ----------------------  --------------------  
         NA           NA                     NA                   NA           NA           NA                     NA                   NA           NA           NA                      NA                    NA  


There are no user specified timing constraints.


------------------------------------------------------------------------------------------------
| Clock Summary
| -------------
------------------------------------------------------------------------------------------------


------------------------------------------------------------------------------------------------
| Intra Clock Table
| -----------------
------------------------------------------------------------------------------------------------

Clock             WNS(ns)      TNS(ns)  TNS Failing Endpoints  TNS Total Endpoints      WHS(ns)      THS(ns)  THS Failing Endpoints  THS Total Endpoints     WPWS(ns)     TPWS(ns)  TPWS Failing Endpoints  TPWS Total Endpoints  
-----             -------      -------  ---------------------  -------------------      -------      -------  ---------------------  -------------------     --------     --------  ----------------------  --------------------  


------------------------------------------------------------------------------------------------
| Inter Clock Table
| -----------------
------------------------------------------------------------------------------------------------

From Clock    To Clock          WNS(ns)      TNS(ns)  TNS Failing Endpoints  TNS Total Endpoints      WHS(ns)      THS(ns)  THS Failing Endpoints  THS Total Endpoints  
----------    --------          -------      -------  ---------------------  -------------------      -------      -------  ---------------------  -------------------  


------------------------------------------------------------------------------------------------
| Other Path Groups Table
| -----------------------
------------------------------------------------------------------------------------------------

Path Group    From Clock    To Clock          WNS(ns)      TNS(ns)  TNS Failing Endpoints  TNS Total Endpoints      WHS(ns)      THS(ns)  THS Failing Endpoints  THS Total Endpoints  
----------    ----------    --------          -------      -------  ---------------------  -------------------      -------      -------  ---------------------  -------------------  


------------------------------------------------------------------------------------------------
| Timing Details
| --------------
------------------------------------------------------------------------------------------------


