Copyright 1986-2022 Xilinx, Inc. All Rights Reserved. Copyright 2022-2024 Advanced Micro Devices, Inc. All Rights Reserved.
---------------------------------------------------------------------------------------------------------------------------------------------
| Tool Version : Vivado v.2024.1.1 (win64) Build 5094488 Fri Jun 14 08:59:21 MDT 2024
| Date         : Mon Dec 16 02:19:25 2024
| Host         : Zaddle-00PCIR running 64-bit major release  (build 9200)
| Command      : report_drc -file top_drc_routed.rpt -pb top_drc_routed.pb -rpx top_drc_routed.rpx
| Design       : top
| Device       : xc7a35tcsg324-1
| Speed File   : -1
| Design State : Fully Routed
---------------------------------------------------------------------------------------------------------------------------------------------

Report DRC

Table of Contents
-----------------
1. REPORT SUMMARY
2. REPORT DETAILS

1. REPORT SUMMARY
-----------------
            Netlist: netlist
          Floorplan: design_1
      Design limits: <entire design considered>
           Ruledeck: default
             Max violations: <unlimited>
             Violations found: 22
+----------+----------+-----------------------------------------------------+------------+
| Rule     | Severity | Description                                         | Violations |
+----------+----------+-----------------------------------------------------+------------+
| CFGBVS-1 | Warning  | Missing CFGBVS and CONFIG_VOLTAGE Design Properties | 1          |
| PDRC-153 | Warning  | Gated clock check                                   | 21         |
+----------+----------+-----------------------------------------------------+------------+

2. REPORT DETAILS
-----------------
CFGBVS-1#1 Warning
Missing CFGBVS and CONFIG_VOLTAGE Design Properties  
Neither the CFGBVS nor CONFIG_VOLTAGE voltage property is set in the current_design.  Configuration bank voltage select (CFGBVS) must be set to VCCO or GND, and CONFIG_VOLTAGE must be set to the correct configuration voltage, in order to determine the I/O voltage support for the pins in bank 0.  It is suggested to specify these either using the 'Edit Device Properties' function in the GUI or directly in the XDC file using the following syntax:

 set_property CFGBVS value1 [current_design]
 #where value1 is either VCCO or GND

 set_property CONFIG_VOLTAGE value2 [current_design]
 #where value2 is the voltage provided to configuration bank 0

Refer to the device configuration user guide for more information.
Related violations: <none>

PDRC-153#1 Warning
Gated clock check  
Net main/state_machine_inst/nxt_status_reg[3]_i_2_n_0 is a gated clock net sourced by a combinational pin main/state_machine_inst/nxt_status_reg[3]_i_2/O, cell main/state_machine_inst/nxt_status_reg[3]_i_2. This is not good design practice and will likely impact performance. For SLICE registers, for example, use the CE pin to control the loading of data.
Related violations: <none>

PDRC-153#2 Warning
Gated clock check  
Net translator/ps2_reader_inst/next_output_state_reg_i_2_n_0 is a gated clock net sourced by a combinational pin translator/ps2_reader_inst/next_output_state_reg_i_2/O, cell translator/ps2_reader_inst/next_output_state_reg_i_2. This is not good design practice and will likely impact performance. For SLICE registers, for example, use the CE pin to control the loading of data.
Related violations: <none>

PDRC-153#3 Warning
Gated clock check  
Net translator/ps2_reader_inst/output_grp_n__0[0] is a gated clock net sourced by a combinational pin translator/ps2_reader_inst/output_grp_n_reg[0]_i_1/O, cell translator/ps2_reader_inst/output_grp_n_reg[0]_i_1. This is not good design practice and will likely impact performance. For SLICE registers, for example, use the CE pin to control the loading of data.
Related violations: <none>

PDRC-153#4 Warning
Gated clock check  
Net translator/ps2_reader_inst/output_grp_n__0[10] is a gated clock net sourced by a combinational pin translator/ps2_reader_inst/output_grp_n_reg[10]_i_2/O, cell translator/ps2_reader_inst/output_grp_n_reg[10]_i_2. This is not good design practice and will likely impact performance. For SLICE registers, for example, use the CE pin to control the loading of data.
Related violations: <none>

PDRC-153#5 Warning
Gated clock check  
Net translator/ps2_reader_inst/output_grp_n__0[11] is a gated clock net sourced by a combinational pin translator/ps2_reader_inst/output_grp_n_reg[11]_i_1/O, cell translator/ps2_reader_inst/output_grp_n_reg[11]_i_1. This is not good design practice and will likely impact performance. For SLICE registers, for example, use the CE pin to control the loading of data.
Related violations: <none>

PDRC-153#6 Warning
Gated clock check  
Net translator/ps2_reader_inst/output_grp_n__0[12] is a gated clock net sourced by a combinational pin translator/ps2_reader_inst/output_grp_n_reg[12]_i_2/O, cell translator/ps2_reader_inst/output_grp_n_reg[12]_i_2. This is not good design practice and will likely impact performance. For SLICE registers, for example, use the CE pin to control the loading of data.
Related violations: <none>

PDRC-153#7 Warning
Gated clock check  
Net translator/ps2_reader_inst/output_grp_n__0[13] is a gated clock net sourced by a combinational pin translator/ps2_reader_inst/output_grp_n_reg[13]_i_2/O, cell translator/ps2_reader_inst/output_grp_n_reg[13]_i_2. This is not good design practice and will likely impact performance. For SLICE registers, for example, use the CE pin to control the loading of data.
Related violations: <none>

PDRC-153#8 Warning
Gated clock check  
Net translator/ps2_reader_inst/output_grp_n__0[14] is a gated clock net sourced by a combinational pin translator/ps2_reader_inst/output_grp_n_reg[14]_i_2/O, cell translator/ps2_reader_inst/output_grp_n_reg[14]_i_2. This is not good design practice and will likely impact performance. For SLICE registers, for example, use the CE pin to control the loading of data.
Related violations: <none>

PDRC-153#9 Warning
Gated clock check  
Net translator/ps2_reader_inst/output_grp_n__0[15] is a gated clock net sourced by a combinational pin translator/ps2_reader_inst/output_grp_n_reg[15]_i_2/O, cell translator/ps2_reader_inst/output_grp_n_reg[15]_i_2. This is not good design practice and will likely impact performance. For SLICE registers, for example, use the CE pin to control the loading of data.
Related violations: <none>

PDRC-153#10 Warning
Gated clock check  
Net translator/ps2_reader_inst/output_grp_n__0[19] is a gated clock net sourced by a combinational pin translator/ps2_reader_inst/output_grp_n_reg[19]_i_2/O, cell translator/ps2_reader_inst/output_grp_n_reg[19]_i_2. This is not good design practice and will likely impact performance. For SLICE registers, for example, use the CE pin to control the loading of data.
Related violations: <none>

PDRC-153#11 Warning
Gated clock check  
Net translator/ps2_reader_inst/output_grp_n__0[1] is a gated clock net sourced by a combinational pin translator/ps2_reader_inst/output_grp_n_reg[1]_i_2/O, cell translator/ps2_reader_inst/output_grp_n_reg[1]_i_2. This is not good design practice and will likely impact performance. For SLICE registers, for example, use the CE pin to control the loading of data.
Related violations: <none>

PDRC-153#12 Warning
Gated clock check  
Net translator/ps2_reader_inst/output_grp_n__0[20] is a gated clock net sourced by a combinational pin translator/ps2_reader_inst/output_grp_n_reg[20]_i_2/O, cell translator/ps2_reader_inst/output_grp_n_reg[20]_i_2. This is not good design practice and will likely impact performance. For SLICE registers, for example, use the CE pin to control the loading of data.
Related violations: <none>

PDRC-153#13 Warning
Gated clock check  
Net translator/ps2_reader_inst/output_grp_n__0[21] is a gated clock net sourced by a combinational pin translator/ps2_reader_inst/output_grp_n_reg[21]_i_2/O, cell translator/ps2_reader_inst/output_grp_n_reg[21]_i_2. This is not good design practice and will likely impact performance. For SLICE registers, for example, use the CE pin to control the loading of data.
Related violations: <none>

PDRC-153#14 Warning
Gated clock check  
Net translator/ps2_reader_inst/output_grp_n__0[2] is a gated clock net sourced by a combinational pin translator/ps2_reader_inst/output_grp_n_reg[2]_i_1/O, cell translator/ps2_reader_inst/output_grp_n_reg[2]_i_1. This is not good design practice and will likely impact performance. For SLICE registers, for example, use the CE pin to control the loading of data.
Related violations: <none>

PDRC-153#15 Warning
Gated clock check  
Net translator/ps2_reader_inst/output_grp_n__0[3] is a gated clock net sourced by a combinational pin translator/ps2_reader_inst/output_grp_n_reg[3]_i_2/O, cell translator/ps2_reader_inst/output_grp_n_reg[3]_i_2. This is not good design practice and will likely impact performance. For SLICE registers, for example, use the CE pin to control the loading of data.
Related violations: <none>

PDRC-153#16 Warning
Gated clock check  
Net translator/ps2_reader_inst/output_grp_n__0[4] is a gated clock net sourced by a combinational pin translator/ps2_reader_inst/output_grp_n_reg[4]_i_2/O, cell translator/ps2_reader_inst/output_grp_n_reg[4]_i_2. This is not good design practice and will likely impact performance. For SLICE registers, for example, use the CE pin to control the loading of data.
Related violations: <none>

PDRC-153#17 Warning
Gated clock check  
Net translator/ps2_reader_inst/output_grp_n__0[5] is a gated clock net sourced by a combinational pin translator/ps2_reader_inst/output_grp_n_reg[5]_i_2/O, cell translator/ps2_reader_inst/output_grp_n_reg[5]_i_2. This is not good design practice and will likely impact performance. For SLICE registers, for example, use the CE pin to control the loading of data.
Related violations: <none>

PDRC-153#18 Warning
Gated clock check  
Net translator/ps2_reader_inst/output_grp_n__0[6] is a gated clock net sourced by a combinational pin translator/ps2_reader_inst/output_grp_n_reg[6]_i_2/O, cell translator/ps2_reader_inst/output_grp_n_reg[6]_i_2. This is not good design practice and will likely impact performance. For SLICE registers, for example, use the CE pin to control the loading of data.
Related violations: <none>

PDRC-153#19 Warning
Gated clock check  
Net translator/ps2_reader_inst/output_grp_n__0[7] is a gated clock net sourced by a combinational pin translator/ps2_reader_inst/output_grp_n_reg[7]_i_2/O, cell translator/ps2_reader_inst/output_grp_n_reg[7]_i_2. This is not good design practice and will likely impact performance. For SLICE registers, for example, use the CE pin to control the loading of data.
Related violations: <none>

PDRC-153#20 Warning
Gated clock check  
Net translator/ps2_reader_inst/output_grp_n__0[8] is a gated clock net sourced by a combinational pin translator/ps2_reader_inst/output_grp_n_reg[8]_i_1/O, cell translator/ps2_reader_inst/output_grp_n_reg[8]_i_1. This is not good design practice and will likely impact performance. For SLICE registers, for example, use the CE pin to control the loading of data.
Related violations: <none>

PDRC-153#21 Warning
Gated clock check  
Net translator/ps2_reader_inst/output_grp_n__0[9] is a gated clock net sourced by a combinational pin translator/ps2_reader_inst/output_grp_n_reg[9]_i_2/O, cell translator/ps2_reader_inst/output_grp_n_reg[9]_i_2. This is not good design practice and will likely impact performance. For SLICE registers, for example, use the CE pin to control the loading of data.
Related violations: <none>


